<?xml version="1.0" encoding="UTF-8"?>
<!-- Generated by org.testng.reporters.JUnitXMLReporter -->
<testsuite ignored="0" hostname="DESKTOP-CUE9DUD" failures="0" tests="4" name="Test" time="12.975" errors="0" timestamp="2025-06-17T16:33:17 IST">
  <testcase classname="runnerScripts.Testcase01" name="fetchTitle" time="0.028"/>
  <testcase classname="runnerScripts.Testcase02" name="fetchCurrentUrl" time="0.013"/>
  <testcase classname="runnerScripts.Testcase03" name="checkUsn" time="0.1"/>
  <testcase classname="runnerScripts.Testcase04" name="loginTestcase" time="0.666"/>
</testsuite> <!-- Test -->
